/*C25*/SET SCHEMA PUBLIC
create table user_info\u000a(\u000aemail varchar(30) primary key,\u000aname varchar(30) not null\u000a)\u000a
/*C26*/SET SCHEMA PUBLIC
INSERT INTO USER_INFO VALUES('Martina Curran','athlone')
COMMIT
DISCONNECT
/*C27*/SET SCHEMA PUBLIC
INSERT INTO USER_INFO VALUES('John Doe','athlone')
COMMIT
DISCONNECT
/*C28*/SET SCHEMA PUBLIC
INSERT INTO USER_INFO VALUES('Claire Burke','Galway')
COMMIT
DISCONNECT
/*C29*/SET SCHEMA PUBLIC
DISCONNECT
/*C30*/SET SCHEMA PUBLIC
INSERT INTO USER_INFO VALUES('kjhkjh','kjhkjhk')
COMMIT
DISCONNECT
/*C31*/SET SCHEMA PUBLIC
DISCONNECT
/*C32*/SET SCHEMA PUBLIC
INSERT INTO USER_INFO VALUES('adf','adf')
COMMIT
DISCONNECT
/*C33*/SET SCHEMA PUBLIC
DISCONNECT
/*C34*/SET SCHEMA PUBLIC
INSERT INTO USER_INFO VALUES('df','adf')
COMMIT
DISCONNECT
/*C35*/SET SCHEMA PUBLIC
DISCONNECT
/*C36*/SET SCHEMA PUBLIC
INSERT INTO USER_INFO VALUES('mcurran@ait.ie','Martina Curran')
COMMIT
DISCONNECT
/*C38*/SET SCHEMA PUBLIC
INSERT INTO USER_INFO VALUES('khk@asd.sd','hkjh')
COMMIT
DISCONNECT
/*C39*/SET SCHEMA PUBLIC
DISCONNECT
/*C37*/SET SCHEMA PUBLIC
DISCONNECT
/*C40*/SET SCHEMA PUBLIC
INSERT INTO USER_INFO VALUES('jkljl@sad.sd','adf')
COMMIT
DISCONNECT
/*C41*/SET SCHEMA PUBLIC
INSERT INTO USER_INFO VALUES('hjkh@asd.sd','df')
COMMIT
DISCONNECT
/*C42*/SET SCHEMA PUBLIC
DISCONNECT
/*C43*/SET SCHEMA PUBLIC
INSERT INTO USER_INFO VALUES('mcurran2@ait','Martina')
COMMIT
DISCONNECT
/*C44*/SET SCHEMA PUBLIC
DISCONNECT
/*C45*/SET SCHEMA PUBLIC
INSERT INTO USER_INFO VALUES('mmm@ait.ie','m')
COMMIT
DISCONNECT
/*C46*/SET SCHEMA PUBLIC
DISCONNECT
/*C47*/SET SCHEMA PUBLIC
DISCONNECT
/*C48*/SET SCHEMA PUBLIC
DISCONNECT
