/*C850*/SET SCHEMA PUBLIC
DELETE FROM LOAN WHERE LOAN_ID=73
COMMIT
DISCONNECT
/*C857*/SET SCHEMA PUBLIC
DELETE FROM LOAN WHERE LOAN_ID=85
COMMIT
DISCONNECT
/*C863*/SET SCHEMA PUBLIC
INSERT INTO LOAN VALUES(90,1,1)
COMMIT
DISCONNECT
/*C870*/SET SCHEMA PUBLIC
INSERT INTO LOAN VALUES(91,0,1)
COMMIT
DISCONNECT
/*C878*/SET SCHEMA PUBLIC
INSERT INTO LOAN VALUES(92,7,1)
COMMIT
DISCONNECT
/*C887*/SET SCHEMA PUBLIC
DELETE FROM LOAN WHERE LOAN_ID=91
COMMIT
DISCONNECT
/*C894*/SET SCHEMA PUBLIC
DELETE FROM LOAN WHERE LOAN_ID=90
COMMIT
DISCONNECT
/*C901*/SET SCHEMA PUBLIC
DELETE FROM LOAN WHERE LOAN_ID=76
COMMIT
DISCONNECT
/*C908*/SET SCHEMA PUBLIC
DELETE FROM LOAN WHERE LOAN_ID=92
COMMIT
DISCONNECT
/*C913*/SET SCHEMA PUBLIC
INSERT INTO LOAN VALUES(93,5,1)
COMMIT
DISCONNECT
/*C919*/SET SCHEMA PUBLIC
INSERT INTO LOAN VALUES(94,4,1)
COMMIT
DISCONNECT
/*C926*/SET SCHEMA PUBLIC
INSERT INTO LOAN VALUES(95,2,1)
COMMIT
DISCONNECT
/*C932*/SET SCHEMA PUBLIC
INSERT INTO BOOK VALUES(10,'Peter Pan','Who Knows','Peter Pan','3253416134')
COMMIT
DISCONNECT
/*C954*/SET SCHEMA PUBLIC
DELETE FROM LOAN WHERE LOAN_ID=87
COMMIT
DISCONNECT
/*C961*/SET SCHEMA PUBLIC
DELETE FROM LOAN WHERE LOAN_ID=88
COMMIT
DISCONNECT
/*C981*/SET SCHEMA PUBLIC
DELETE FROM USER WHERE ID=1
INSERT INTO USER VALUES(1,'John','sheogorath1997@gmail.com','12345')
COMMIT
DISCONNECT
/*C993*/SET SCHEMA PUBLIC
INSERT INTO USER VALUES(7,'John','jack@gmail.com','Hello')
COMMIT
DISCONNECT
/*C1000*/SET SCHEMA PUBLIC
INSERT INTO LOAN VALUES(96,2,7)
COMMIT
DISCONNECT
/*C1006*/SET SCHEMA PUBLIC
INSERT INTO LOAN VALUES(97,1,7)
COMMIT
DISCONNECT
/*C1013*/SET SCHEMA PUBLIC
INSERT INTO LOAN VALUES(98,0,7)
COMMIT
DISCONNECT
/*C1027*/SET SCHEMA PUBLIC
DELETE FROM BOOK WHERE ID=1
INSERT INTO BOOK VALUES(1,'seSG','Brandon Sanderson','The Stormlight Archive','978-0376597360')
COMMIT
DISCONNECT
/*C1043*/SET SCHEMA PUBLIC
DELETE FROM BOOK WHERE ID=1
INSERT INTO BOOK VALUES(1,'Words Of Radiance','Brandon Sanderson','The Stormlight Archive','978-0376597360')
COMMIT
DISCONNECT
